{"C:\\my\\курсы\\RollingScopes\\unittest\\Unit-tests\\task\\getchunk.js": {"path":"C:\\my\\курсы\\RollingScopes\\unittest\\Unit-tests\\task\\getchunk.js","statementMap":{"0":{"start":{"line":2,"column":25},"end":{"line":2,"column":52}},"1":{"start":{"line":5,"column":17},"end":{"line":5,"column":19}},"2":{"start":{"line":6,"column":4},"end":{"line":8,"column":5}},"3":{"start":{"line":6,"column":17},"end":{"line":6,"column":18}},"4":{"start":{"line":7,"column":8},"end":{"line":7,"column":50}},"5":{"start":{"line":9,"column":4},"end":{"line":9,"column":18}},"6":{"start":{"line":12,"column":0},"end":{"line":12,"column":26}}},"fnMap":{"0":{"name":"getchunk","decl":{"start":{"line":4,"column":9},"end":{"line":4,"column":17}},"loc":{"start":{"line":4,"column":35},"end":{"line":10,"column":1}},"line":4}},"branchMap":{"0":{"loc":{"start":{"line":4,"column":23},"end":{"line":4,"column":33}},"type":"default-arg","locations":[{"start":{"line":4,"column":32},"end":{"line":4,"column":33}}],"line":4}},"s":{"0":1,"1":4,"2":4,"3":4,"4":9,"5":4,"6":1},"f":{"0":4},"b":{"0":[2]},"_coverageSchema":"1a1c01bbd47fc00a2c39e90264f33305004495a9","hash":"bfee620659d694a18419bc600f8ab82a2f8a3337"}
,"C:\\my\\курсы\\RollingScopes\\unittest\\Unit-tests\\task\\getcompact.js": {"path":"C:\\my\\курсы\\RollingScopes\\unittest\\Unit-tests\\task\\getcompact.js","statementMap":{"0":{"start":{"line":1,"column":19},"end":{"line":1,"column":46}},"1":{"start":{"line":4,"column":4},"end":{"line":4,"column":73}},"2":{"start":{"line":4,"column":35},"end":{"line":4,"column":71}},"3":{"start":{"line":7,"column":0},"end":{"line":7,"column":28}}},"fnMap":{"0":{"name":"getcompact","decl":{"start":{"line":3,"column":9},"end":{"line":3,"column":19}},"loc":{"start":{"line":3,"column":24},"end":{"line":5,"column":1}},"line":3},"1":{"name":"(anonymous_1)","decl":{"start":{"line":4,"column":25},"end":{"line":4,"column":26}},"loc":{"start":{"line":4,"column":35},"end":{"line":4,"column":71}},"line":4}},"branchMap":{"0":{"loc":{"start":{"line":4,"column":35},"end":{"line":4,"column":71}},"type":"binary-expr","locations":[{"start":{"line":4,"column":35},"end":{"line":4,"column":59}},{"start":{"line":4,"column":63},"end":{"line":4,"column":71}}],"line":4}},"s":{"0":1,"1":1,"2":6,"3":1},"f":{"0":1,"1":6},"b":{"0":[6,4]},"_coverageSchema":"1a1c01bbd47fc00a2c39e90264f33305004495a9","hash":"1d6bba1e8eb03cc2f9a5a0d5c4c54b39fb616132"}
,"C:\\my\\курсы\\RollingScopes\\unittest\\Unit-tests\\task\\getdrop.js": {"path":"C:\\my\\курсы\\RollingScopes\\unittest\\Unit-tests\\task\\getdrop.js","statementMap":{"0":{"start":{"line":1,"column":18},"end":{"line":1,"column":45}},"1":{"start":{"line":5,"column":4},"end":{"line":7,"column":5}},"2":{"start":{"line":6,"column":8},"end":{"line":6,"column":19}},"3":{"start":{"line":8,"column":4},"end":{"line":10,"column":5}},"4":{"start":{"line":9,"column":8},"end":{"line":9,"column":30}},"5":{"start":{"line":11,"column":4},"end":{"line":11,"column":28}},"6":{"start":{"line":14,"column":0},"end":{"line":14,"column":25}}},"fnMap":{"0":{"name":"getdrop","decl":{"start":{"line":4,"column":9},"end":{"line":4,"column":16}},"loc":{"start":{"line":4,"column":27},"end":{"line":12,"column":1}},"line":4}},"branchMap":{"0":{"loc":{"start":{"line":5,"column":4},"end":{"line":7,"column":5}},"type":"if","locations":[{"start":{"line":5,"column":4},"end":{"line":7,"column":5}},{"start":{},"end":{}}],"line":5},"1":{"loc":{"start":{"line":8,"column":4},"end":{"line":10,"column":5}},"type":"if","locations":[{"start":{"line":8,"column":4},"end":{"line":10,"column":5}},{"start":{},"end":{}}],"line":8}},"s":{"0":1,"1":4,"2":1,"3":3,"4":1,"5":2,"6":1},"f":{"0":4},"b":{"0":[1,3],"1":[1,2]},"_coverageSchema":"1a1c01bbd47fc00a2c39e90264f33305004495a9","hash":"c68253be870b9c47aaa6a7c6771cf9b3ac0ccf75"}
,"C:\\my\\курсы\\RollingScopes\\unittest\\Unit-tests\\task\\getdropwhile.js": {"path":"C:\\my\\курсы\\RollingScopes\\unittest\\Unit-tests\\task\\getdropwhile.js","statementMap":{"0":{"start":{"line":1,"column":47},"end":{"line":1,"column":74}},"1":{"start":{"line":5,"column":4},"end":{"line":8,"column":5}},"2":{"start":{"line":6,"column":15},"end":{"line":6,"column":37}},"3":{"start":{"line":7,"column":7},"end":{"line":7,"column":55}},"4":{"start":{"line":7,"column":35},"end":{"line":7,"column":54}},"5":{"start":{"line":9,"column":4},"end":{"line":19,"column":5}},"6":{"start":{"line":10,"column":16},"end":{"line":10,"column":18}},"7":{"start":{"line":11,"column":8},"end":{"line":17,"column":11}},"8":{"start":{"line":12,"column":10},"end":{"line":16,"column":11}},"9":{"start":{"line":13,"column":12},"end":{"line":15,"column":13}},"10":{"start":{"line":14,"column":11},"end":{"line":14,"column":26}},"11":{"start":{"line":18,"column":8},"end":{"line":18,"column":17}},"12":{"start":{"line":20,"column":4},"end":{"line":22,"column":5}},"13":{"start":{"line":21,"column":7},"end":{"line":21,"column":82}},"14":{"start":{"line":21,"column":33},"end":{"line":21,"column":81}},"15":{"start":{"line":23,"column":4},"end":{"line":33,"column":5}},"16":{"start":{"line":24,"column":16},"end":{"line":24,"column":18}},"17":{"start":{"line":25,"column":9},"end":{"line":31,"column":11}},"18":{"start":{"line":26,"column":11},"end":{"line":30,"column":12}},"19":{"start":{"line":27,"column":13},"end":{"line":29,"column":14}},"20":{"start":{"line":28,"column":16},"end":{"line":28,"column":29}},"21":{"start":{"line":32,"column":8},"end":{"line":32,"column":17}},"22":{"start":{"line":36,"column":0},"end":{"line":36,"column":30}}},"fnMap":{"0":{"name":"getDropWhile","decl":{"start":{"line":4,"column":9},"end":{"line":4,"column":21}},"loc":{"start":{"line":4,"column":37},"end":{"line":34,"column":4}},"line":4},"1":{"name":"(anonymous_1)","decl":{"start":{"line":7,"column":27},"end":{"line":7,"column":28}},"loc":{"start":{"line":7,"column":35},"end":{"line":7,"column":54}},"line":7},"2":{"name":"(anonymous_2)","decl":{"start":{"line":11,"column":22},"end":{"line":11,"column":23}},"loc":{"start":{"line":11,"column":30},"end":{"line":17,"column":9}},"line":11},"3":{"name":"(anonymous_3)","decl":{"start":{"line":21,"column":25},"end":{"line":21,"column":26}},"loc":{"start":{"line":21,"column":33},"end":{"line":21,"column":81}},"line":21},"4":{"name":"(anonymous_4)","decl":{"start":{"line":25,"column":21},"end":{"line":25,"column":22}},"loc":{"start":{"line":25,"column":29},"end":{"line":31,"column":10}},"line":25}},"branchMap":{"0":{"loc":{"start":{"line":5,"column":4},"end":{"line":8,"column":5}},"type":"if","locations":[{"start":{"line":5,"column":4},"end":{"line":8,"column":5}},{"start":{},"end":{}}],"line":5},"1":{"loc":{"start":{"line":9,"column":4},"end":{"line":19,"column":5}},"type":"if","locations":[{"start":{"line":9,"column":4},"end":{"line":19,"column":5}},{"start":{},"end":{}}],"line":9},"2":{"loc":{"start":{"line":13,"column":12},"end":{"line":15,"column":13}},"type":"if","locations":[{"start":{"line":13,"column":12},"end":{"line":15,"column":13}},{"start":{},"end":{}}],"line":13},"3":{"loc":{"start":{"line":13,"column":16},"end":{"line":13,"column":63}},"type":"binary-expr","locations":[{"start":{"line":13,"column":16},"end":{"line":13,"column":35}},{"start":{"line":13,"column":39},"end":{"line":13,"column":63}}],"line":13},"4":{"loc":{"start":{"line":20,"column":4},"end":{"line":22,"column":5}},"type":"if","locations":[{"start":{"line":20,"column":4},"end":{"line":22,"column":5}},{"start":{},"end":{}}],"line":20},"5":{"loc":{"start":{"line":23,"column":4},"end":{"line":33,"column":5}},"type":"if","locations":[{"start":{"line":23,"column":4},"end":{"line":33,"column":5}},{"start":{},"end":{}}],"line":23},"6":{"loc":{"start":{"line":27,"column":13},"end":{"line":29,"column":14}},"type":"if","locations":[{"start":{"line":27,"column":13},"end":{"line":29,"column":14}},{"start":{},"end":{}}],"line":27}},"s":{"0":1,"1":4,"2":1,"3":1,"4":3,"5":3,"6":1,"7":1,"8":3,"9":6,"10":1,"11":1,"12":2,"13":1,"14":3,"15":1,"16":1,"17":1,"18":3,"19":6,"20":3,"21":1,"22":1},"f":{"0":4,"1":3,"2":3,"3":3,"4":3},"b":{"0":[1,3],"1":[1,2],"2":[1,5],"3":[6,3],"4":[1,1],"5":[1,0],"6":[3,3]},"_coverageSchema":"1a1c01bbd47fc00a2c39e90264f33305004495a9","hash":"ea77d8fc078233651f3b4dd647bca68b1b71b9cf"}
,"C:\\my\\курсы\\RollingScopes\\unittest\\Unit-tests\\task\\getfilter.js": {"path":"C:\\my\\курсы\\RollingScopes\\unittest\\Unit-tests\\task\\getfilter.js","statementMap":{"0":{"start":{"line":1,"column":36},"end":{"line":1,"column":63}},"1":{"start":{"line":5,"column":4},"end":{"line":7,"column":5}},"2":{"start":{"line":6,"column":8},"end":{"line":6,"column":39}},"3":{"start":{"line":8,"column":4},"end":{"line":18,"column":5}},"4":{"start":{"line":9,"column":16},"end":{"line":9,"column":18}},"5":{"start":{"line":10,"column":8},"end":{"line":16,"column":11}},"6":{"start":{"line":11,"column":10},"end":{"line":15,"column":11}},"7":{"start":{"line":12,"column":12},"end":{"line":14,"column":13}},"8":{"start":{"line":13,"column":11},"end":{"line":13,"column":25}},"9":{"start":{"line":17,"column":8},"end":{"line":17,"column":17}},"10":{"start":{"line":19,"column":4},"end":{"line":27,"column":5}},"11":{"start":{"line":20,"column":16},"end":{"line":20,"column":18}},"12":{"start":{"line":21,"column":8},"end":{"line":25,"column":10}},"13":{"start":{"line":22,"column":12},"end":{"line":24,"column":11}},"14":{"start":{"line":23,"column":14},"end":{"line":23,"column":29}},"15":{"start":{"line":26,"column":8},"end":{"line":26,"column":17}},"16":{"start":{"line":28,"column":4},"end":{"line":36,"column":5}},"17":{"start":{"line":29,"column":16},"end":{"line":29,"column":18}},"18":{"start":{"line":30,"column":9},"end":{"line":34,"column":11}},"19":{"start":{"line":31,"column":13},"end":{"line":33,"column":14}},"20":{"start":{"line":32,"column":16},"end":{"line":32,"column":31}},"21":{"start":{"line":35,"column":8},"end":{"line":35,"column":17}},"22":{"start":{"line":40,"column":0},"end":{"line":40,"column":27}}},"fnMap":{"0":{"name":"getFilter","decl":{"start":{"line":4,"column":9},"end":{"line":4,"column":18}},"loc":{"start":{"line":4,"column":35},"end":{"line":38,"column":1}},"line":4},"1":{"name":"(anonymous_1)","decl":{"start":{"line":10,"column":22},"end":{"line":10,"column":23}},"loc":{"start":{"line":10,"column":30},"end":{"line":16,"column":9}},"line":10},"2":{"name":"(anonymous_2)","decl":{"start":{"line":21,"column":22},"end":{"line":21,"column":23}},"loc":{"start":{"line":21,"column":30},"end":{"line":25,"column":9}},"line":21},"3":{"name":"(anonymous_3)","decl":{"start":{"line":30,"column":23},"end":{"line":30,"column":24}},"loc":{"start":{"line":30,"column":31},"end":{"line":34,"column":10}},"line":30}},"branchMap":{"0":{"loc":{"start":{"line":5,"column":4},"end":{"line":7,"column":5}},"type":"if","locations":[{"start":{"line":5,"column":4},"end":{"line":7,"column":5}},{"start":{},"end":{}}],"line":5},"1":{"loc":{"start":{"line":8,"column":4},"end":{"line":18,"column":5}},"type":"if","locations":[{"start":{"line":8,"column":4},"end":{"line":18,"column":5}},{"start":{},"end":{}}],"line":8},"2":{"loc":{"start":{"line":12,"column":12},"end":{"line":14,"column":13}},"type":"if","locations":[{"start":{"line":12,"column":12},"end":{"line":14,"column":13}},{"start":{},"end":{}}],"line":12},"3":{"loc":{"start":{"line":12,"column":16},"end":{"line":12,"column":66}},"type":"binary-expr","locations":[{"start":{"line":12,"column":16},"end":{"line":12,"column":36}},{"start":{"line":12,"column":40},"end":{"line":12,"column":66}}],"line":12},"4":{"loc":{"start":{"line":19,"column":4},"end":{"line":27,"column":5}},"type":"if","locations":[{"start":{"line":19,"column":4},"end":{"line":27,"column":5}},{"start":{},"end":{}}],"line":19},"5":{"loc":{"start":{"line":22,"column":12},"end":{"line":24,"column":11}},"type":"if","locations":[{"start":{"line":22,"column":12},"end":{"line":24,"column":11}},{"start":{},"end":{}}],"line":22},"6":{"loc":{"start":{"line":22,"column":16},"end":{"line":22,"column":78}},"type":"binary-expr","locations":[{"start":{"line":22,"column":16},"end":{"line":22,"column":42}},{"start":{"line":22,"column":46},"end":{"line":22,"column":78}}],"line":22},"7":{"loc":{"start":{"line":28,"column":4},"end":{"line":36,"column":5}},"type":"if","locations":[{"start":{"line":28,"column":4},"end":{"line":36,"column":5}},{"start":{},"end":{}}],"line":28},"8":{"loc":{"start":{"line":31,"column":13},"end":{"line":33,"column":14}},"type":"if","locations":[{"start":{"line":31,"column":13},"end":{"line":33,"column":14}},{"start":{},"end":{}}],"line":31}},"s":{"0":1,"1":4,"2":1,"3":3,"4":1,"5":1,"6":2,"7":6,"8":1,"9":1,"10":2,"11":1,"12":1,"13":2,"14":1,"15":1,"16":1,"17":1,"18":1,"19":2,"20":1,"21":1,"22":1},"f":{"0":4,"1":2,"2":2,"3":2},"b":{"0":[1,3],"1":[1,2],"2":[1,5],"3":[6,2],"4":[1,1],"5":[1,1],"6":[2,1],"7":[1,0],"8":[1,1]},"_coverageSchema":"1a1c01bbd47fc00a2c39e90264f33305004495a9","hash":"3258b1ad675413ac44d48adeb34feb5cceeaa6c6"}
,"C:\\my\\курсы\\RollingScopes\\unittest\\Unit-tests\\task\\getfind.js": {"path":"C:\\my\\курсы\\RollingScopes\\unittest\\Unit-tests\\task\\getfind.js","statementMap":{"0":{"start":{"line":1,"column":18},"end":{"line":1,"column":45}},"1":{"start":{"line":5,"column":4},"end":{"line":7,"column":5}},"2":{"start":{"line":6,"column":8},"end":{"line":6,"column":51}},"3":{"start":{"line":8,"column":4},"end":{"line":10,"column":5}},"4":{"start":{"line":9,"column":8},"end":{"line":9,"column":84}},"5":{"start":{"line":9,"column":41},"end":{"line":9,"column":76}},"6":{"start":{"line":11,"column":4},"end":{"line":14,"column":5}},"7":{"start":{"line":12,"column":16},"end":{"line":12,"column":38}},"8":{"start":{"line":13,"column":8},"end":{"line":13,"column":113}},"9":{"start":{"line":13,"column":41},"end":{"line":13,"column":105}},"10":{"start":{"line":15,"column":4},"end":{"line":17,"column":5}},"11":{"start":{"line":16,"column":8},"end":{"line":16,"column":66}},"12":{"start":{"line":16,"column":41},"end":{"line":16,"column":58}},"13":{"start":{"line":20,"column":0},"end":{"line":20,"column":25}}},"fnMap":{"0":{"name":"getFind","decl":{"start":{"line":4,"column":9},"end":{"line":4,"column":16}},"loc":{"start":{"line":4,"column":47},"end":{"line":18,"column":1}},"line":4},"1":{"name":"(anonymous_1)","decl":{"start":{"line":9,"column":33},"end":{"line":9,"column":34}},"loc":{"start":{"line":9,"column":41},"end":{"line":9,"column":76}},"line":9},"2":{"name":"(anonymous_2)","decl":{"start":{"line":13,"column":33},"end":{"line":13,"column":34}},"loc":{"start":{"line":13,"column":41},"end":{"line":13,"column":105}},"line":13},"3":{"name":"(anonymous_3)","decl":{"start":{"line":16,"column":33},"end":{"line":16,"column":34}},"loc":{"start":{"line":16,"column":41},"end":{"line":16,"column":58}},"line":16}},"branchMap":{"0":{"loc":{"start":{"line":5,"column":4},"end":{"line":7,"column":5}},"type":"if","locations":[{"start":{"line":5,"column":4},"end":{"line":7,"column":5}},{"start":{},"end":{}}],"line":5},"1":{"loc":{"start":{"line":8,"column":4},"end":{"line":10,"column":5}},"type":"if","locations":[{"start":{"line":8,"column":4},"end":{"line":10,"column":5}},{"start":{},"end":{}}],"line":8},"2":{"loc":{"start":{"line":11,"column":4},"end":{"line":14,"column":5}},"type":"if","locations":[{"start":{"line":11,"column":4},"end":{"line":14,"column":5}},{"start":{},"end":{}}],"line":11},"3":{"loc":{"start":{"line":13,"column":41},"end":{"line":13,"column":105}},"type":"binary-expr","locations":[{"start":{"line":13,"column":41},"end":{"line":13,"column":71}},{"start":{"line":13,"column":75},"end":{"line":13,"column":105}}],"line":13},"4":{"loc":{"start":{"line":15,"column":4},"end":{"line":17,"column":5}},"type":"if","locations":[{"start":{"line":15,"column":4},"end":{"line":17,"column":5}},{"start":{},"end":{}}],"line":15}},"s":{"0":1,"1":4,"2":1,"3":3,"4":1,"5":2,"6":2,"7":1,"8":1,"9":3,"10":1,"11":1,"12":1,"13":1},"f":{"0":4,"1":2,"2":3,"3":1},"b":{"0":[1,3],"1":[1,2],"2":[1,1],"3":[3,1],"4":[1,0]},"_coverageSchema":"1a1c01bbd47fc00a2c39e90264f33305004495a9","hash":"1ecd53d5d1e6b2cb03b89d9f1454b5f28f363695"}
,"C:\\my\\курсы\\RollingScopes\\unittest\\Unit-tests\\task\\getincludes.js": {"path":"C:\\my\\курсы\\RollingScopes\\unittest\\Unit-tests\\task\\getincludes.js","statementMap":{"0":{"start":{"line":1,"column":22},"end":{"line":1,"column":49}},"1":{"start":{"line":4,"column":4},"end":{"line":6,"column":5}},"2":{"start":{"line":5,"column":8},"end":{"line":5,"column":50}},"3":{"start":{"line":7,"column":4},"end":{"line":11,"column":5}},"4":{"start":{"line":8,"column":8},"end":{"line":10,"column":9}},"5":{"start":{"line":9,"column":12},"end":{"line":9,"column":45}},"6":{"start":{"line":13,"column":4},"end":{"line":15,"column":5}},"7":{"start":{"line":14,"column":8},"end":{"line":14,"column":49}},"8":{"start":{"line":18,"column":0},"end":{"line":18,"column":29}}},"fnMap":{"0":{"name":"getIncludes","decl":{"start":{"line":3,"column":9},"end":{"line":3,"column":20}},"loc":{"start":{"line":3,"column":47},"end":{"line":16,"column":1}},"line":3}},"branchMap":{"0":{"loc":{"start":{"line":4,"column":4},"end":{"line":6,"column":5}},"type":"if","locations":[{"start":{"line":4,"column":4},"end":{"line":6,"column":5}},{"start":{},"end":{}}],"line":4},"1":{"loc":{"start":{"line":7,"column":4},"end":{"line":11,"column":5}},"type":"if","locations":[{"start":{"line":7,"column":4},"end":{"line":11,"column":5}},{"start":{},"end":{}}],"line":7},"2":{"loc":{"start":{"line":13,"column":4},"end":{"line":15,"column":5}},"type":"if","locations":[{"start":{"line":13,"column":4},"end":{"line":15,"column":5}},{"start":{},"end":{}}],"line":13}},"s":{"0":1,"1":4,"2":2,"3":2,"4":1,"5":1,"6":1,"7":1,"8":1},"f":{"0":4},"b":{"0":[2,2],"1":[1,1],"2":[1,0]},"_coverageSchema":"1a1c01bbd47fc00a2c39e90264f33305004495a9","hash":"25379c086527f01eee577af195e36917ba07a21d"}
,"C:\\my\\курсы\\RollingScopes\\unittest\\Unit-tests\\task\\getmap.js": {"path":"C:\\my\\курсы\\RollingScopes\\unittest\\Unit-tests\\task\\getmap.js","statementMap":{"0":{"start":{"line":1,"column":28},"end":{"line":1,"column":55}},"1":{"start":{"line":4,"column":14},"end":{"line":4,"column":16}},"2":{"start":{"line":5,"column":1},"end":{"line":13,"column":2}},"3":{"start":{"line":6,"column":4},"end":{"line":12,"column":5}},"4":{"start":{"line":6,"column":15},"end":{"line":6,"column":16}},"5":{"start":{"line":7,"column":8},"end":{"line":11,"column":9}},"6":{"start":{"line":8,"column":12},"end":{"line":10,"column":13}},"7":{"start":{"line":9,"column":16},"end":{"line":9,"column":49}},"8":{"start":{"line":14,"column":1},"end":{"line":19,"column":1}},"9":{"start":{"line":15,"column":4},"end":{"line":15,"column":16}},"10":{"start":{"line":16,"column":4},"end":{"line":18,"column":5}},"11":{"start":{"line":16,"column":15},"end":{"line":16,"column":16}},"12":{"start":{"line":17,"column":8},"end":{"line":17,"column":46}},"13":{"start":{"line":20,"column":1},"end":{"line":25,"column":2}},"14":{"start":{"line":21,"column":4},"end":{"line":21,"column":16}},"15":{"start":{"line":22,"column":4},"end":{"line":24,"column":5}},"16":{"start":{"line":23,"column":8},"end":{"line":23,"column":48}},"17":{"start":{"line":26,"column":1},"end":{"line":26,"column":15}},"18":{"start":{"line":29,"column":0},"end":{"line":29,"column":24}}},"fnMap":{"0":{"name":"getMap","decl":{"start":{"line":3,"column":9},"end":{"line":3,"column":15}},"loc":{"start":{"line":3,"column":38},"end":{"line":27,"column":1}},"line":3}},"branchMap":{"0":{"loc":{"start":{"line":5,"column":1},"end":{"line":13,"column":2}},"type":"if","locations":[{"start":{"line":5,"column":1},"end":{"line":13,"column":2}},{"start":{},"end":{}}],"line":5},"1":{"loc":{"start":{"line":8,"column":12},"end":{"line":10,"column":13}},"type":"if","locations":[{"start":{"line":8,"column":12},"end":{"line":10,"column":13}},{"start":{},"end":{}}],"line":8},"2":{"loc":{"start":{"line":14,"column":1},"end":{"line":19,"column":1}},"type":"if","locations":[{"start":{"line":14,"column":1},"end":{"line":19,"column":1}},{"start":{},"end":{}}],"line":14},"3":{"loc":{"start":{"line":14,"column":5},"end":{"line":14,"column":61}},"type":"binary-expr","locations":[{"start":{"line":14,"column":5},"end":{"line":14,"column":30}},{"start":{"line":14,"column":34},"end":{"line":14,"column":61}}],"line":14},"4":{"loc":{"start":{"line":20,"column":1},"end":{"line":25,"column":2}},"type":"if","locations":[{"start":{"line":20,"column":1},"end":{"line":25,"column":2}},{"start":{},"end":{}}],"line":20},"5":{"loc":{"start":{"line":20,"column":5},"end":{"line":20,"column":69}},"type":"binary-expr","locations":[{"start":{"line":20,"column":5},"end":{"line":20,"column":35}},{"start":{"line":20,"column":39},"end":{"line":20,"column":69}}],"line":20}},"s":{"0":1,"1":3,"2":3,"3":1,"4":1,"5":2,"6":2,"7":2,"8":3,"9":1,"10":1,"11":1,"12":2,"13":3,"14":2,"15":2,"16":4,"17":3,"18":1},"f":{"0":3},"b":{"0":[1,2],"1":[2,0],"2":[1,2],"3":[3,2],"4":[2,1],"5":[3,3]},"_coverageSchema":"1a1c01bbd47fc00a2c39e90264f33305004495a9","hash":"cd03572c95badb6afc5d68b00fcc3005afc07844"}
,"C:\\my\\курсы\\RollingScopes\\unittest\\Unit-tests\\task\\getmerge.js": {"path":"C:\\my\\курсы\\RollingScopes\\unittest\\Unit-tests\\task\\getmerge.js","statementMap":{"0":{"start":{"line":1,"column":18},"end":{"line":1,"column":45}},"1":{"start":{"line":4,"column":14},"end":{"line":4,"column":16}},"2":{"start":{"line":5,"column":4},"end":{"line":15,"column":5}},"3":{"start":{"line":6,"column":21},"end":{"line":6,"column":23}},"4":{"start":{"line":7,"column":18},"end":{"line":7,"column":91}},"5":{"start":{"line":8,"column":8},"end":{"line":12,"column":9}},"6":{"start":{"line":8,"column":19},"end":{"line":8,"column":20}},"7":{"start":{"line":9,"column":20},"end":{"line":9,"column":22}},"8":{"start":{"line":10,"column":12},"end":{"line":10,"column":50}},"9":{"start":{"line":11,"column":12},"end":{"line":11,"column":29}},"10":{"start":{"line":13,"column":8},"end":{"line":13,"column":26}},"11":{"start":{"line":14,"column":4},"end":{"line":14,"column":14}},"12":{"start":{"line":18,"column":0},"end":{"line":18,"column":26}}},"fnMap":{"0":{"name":"getMerge","decl":{"start":{"line":3,"column":9},"end":{"line":3,"column":17}},"loc":{"start":{"line":3,"column":31},"end":{"line":16,"column":1}},"line":3}},"branchMap":{"0":{"loc":{"start":{"line":7,"column":18},"end":{"line":7,"column":91}},"type":"cond-expr","locations":[{"start":{"line":7,"column":56},"end":{"line":7,"column":72}},{"start":{"line":7,"column":75},"end":{"line":7,"column":91}}],"line":7}},"s":{"0":1,"1":2,"2":2,"3":2,"4":2,"5":2,"6":2,"7":5,"8":5,"9":5,"10":2,"11":2,"12":1},"f":{"0":2},"b":{"0":[1,1]},"_coverageSchema":"1a1c01bbd47fc00a2c39e90264f33305004495a9","hash":"cd7d21d6fbbc89e9c88440d1e6faadc2532037e6"}
,"C:\\my\\курсы\\RollingScopes\\unittest\\Unit-tests\\task\\getomit.js": {"path":"C:\\my\\курсы\\RollingScopes\\unittest\\Unit-tests\\task\\getomit.js","statementMap":{"0":{"start":{"line":1,"column":22},"end":{"line":1,"column":49}},"1":{"start":{"line":4,"column":17},"end":{"line":4,"column":19}},"2":{"start":{"line":5,"column":5},"end":{"line":9,"column":6}},"3":{"start":{"line":6,"column":7},"end":{"line":8,"column":8}},"4":{"start":{"line":7,"column":9},"end":{"line":7,"column":32}},"5":{"start":{"line":10,"column":4},"end":{"line":10,"column":18}},"6":{"start":{"line":13,"column":0},"end":{"line":13,"column":25}}},"fnMap":{"0":{"name":"getOmit","decl":{"start":{"line":3,"column":9},"end":{"line":3,"column":16}},"loc":{"start":{"line":3,"column":29},"end":{"line":11,"column":1}},"line":3}},"branchMap":{"0":{"loc":{"start":{"line":6,"column":7},"end":{"line":8,"column":8}},"type":"if","locations":[{"start":{"line":6,"column":7},"end":{"line":8,"column":8}},{"start":{},"end":{}}],"line":6}},"s":{"0":1,"1":2,"2":2,"3":6,"4":3,"5":2,"6":1},"f":{"0":2},"b":{"0":[3,3]},"_coverageSchema":"1a1c01bbd47fc00a2c39e90264f33305004495a9","hash":"6bc52ad709274c9c4e7e7105662e51d374d95eb2"}
,"C:\\my\\курсы\\RollingScopes\\unittest\\Unit-tests\\task\\getomitby.js": {"path":"C:\\my\\курсы\\RollingScopes\\unittest\\Unit-tests\\task\\getomitby.js","statementMap":{"0":{"start":{"line":2,"column":14},"end":{"line":2,"column":16}},"1":{"start":{"line":3,"column":1},"end":{"line":7,"column":2}},"2":{"start":{"line":4,"column":4},"end":{"line":6,"column":5}},"3":{"start":{"line":5,"column":8},"end":{"line":5,"column":33}},"4":{"start":{"line":8,"column":1},"end":{"line":8,"column":15}},"5":{"start":{"line":11,"column":0},"end":{"line":11,"column":27}}},"fnMap":{"0":{"name":"getOmitBy","decl":{"start":{"line":1,"column":9},"end":{"line":1,"column":18}},"loc":{"start":{"line":1,"column":36},"end":{"line":9,"column":1}},"line":1}},"branchMap":{"0":{"loc":{"start":{"line":4,"column":4},"end":{"line":6,"column":5}},"type":"if","locations":[{"start":{"line":4,"column":4},"end":{"line":6,"column":5}},{"start":{},"end":{}}],"line":4}},"s":{"0":1,"1":1,"2":3,"3":1,"4":1,"5":1},"f":{"0":1},"b":{"0":[1,2]},"_coverageSchema":"1a1c01bbd47fc00a2c39e90264f33305004495a9","hash":"cd655aff73386cc1b7972393ea8e8b56d67cf9c8"}
,"C:\\my\\курсы\\RollingScopes\\unittest\\Unit-tests\\task\\getpick.js": {"path":"C:\\my\\курсы\\RollingScopes\\unittest\\Unit-tests\\task\\getpick.js","statementMap":{"0":{"start":{"line":1,"column":22},"end":{"line":1,"column":49}},"1":{"start":{"line":5,"column":17},"end":{"line":5,"column":19}},"2":{"start":{"line":6,"column":4},"end":{"line":10,"column":5}},"3":{"start":{"line":7,"column":8},"end":{"line":9,"column":9}},"4":{"start":{"line":8,"column":12},"end":{"line":8,"column":38}},"5":{"start":{"line":11,"column":4},"end":{"line":11,"column":18}},"6":{"start":{"line":14,"column":0},"end":{"line":14,"column":25}}},"fnMap":{"0":{"name":"getPick","decl":{"start":{"line":4,"column":9},"end":{"line":4,"column":16}},"loc":{"start":{"line":4,"column":32},"end":{"line":12,"column":1}},"line":4}},"branchMap":{"0":{"loc":{"start":{"line":7,"column":8},"end":{"line":9,"column":9}},"type":"if","locations":[{"start":{"line":7,"column":8},"end":{"line":9,"column":9}},{"start":{},"end":{}}],"line":7}},"s":{"0":1,"1":2,"2":2,"3":6,"4":3,"5":2,"6":1},"f":{"0":2},"b":{"0":[3,3]},"_coverageSchema":"1a1c01bbd47fc00a2c39e90264f33305004495a9","hash":"157dc143d4feab14631cefa957f07ac3da1db8dd"}
,"C:\\my\\курсы\\RollingScopes\\unittest\\Unit-tests\\task\\getpickby.js": {"path":"C:\\my\\курсы\\RollingScopes\\unittest\\Unit-tests\\task\\getpickby.js","statementMap":{"0":{"start":{"line":2,"column":17},"end":{"line":2,"column":19}},"1":{"start":{"line":3,"column":4},"end":{"line":7,"column":5}},"2":{"start":{"line":4,"column":8},"end":{"line":6,"column":9}},"3":{"start":{"line":5,"column":12},"end":{"line":5,"column":37}},"4":{"start":{"line":8,"column":4},"end":{"line":8,"column":18}},"5":{"start":{"line":11,"column":0},"end":{"line":11,"column":27}}},"fnMap":{"0":{"name":"getPickBy","decl":{"start":{"line":1,"column":9},"end":{"line":1,"column":18}},"loc":{"start":{"line":1,"column":37},"end":{"line":9,"column":1}},"line":1}},"branchMap":{"0":{"loc":{"start":{"line":4,"column":8},"end":{"line":6,"column":9}},"type":"if","locations":[{"start":{"line":4,"column":8},"end":{"line":6,"column":9}},{"start":{},"end":{}}],"line":4}},"s":{"0":1,"1":1,"2":3,"3":2,"4":1,"5":1},"f":{"0":1},"b":{"0":[2,1]},"_coverageSchema":"1a1c01bbd47fc00a2c39e90264f33305004495a9","hash":"cbc4b0012cefdca2768fcd5541e2a736f0760298"}
,"C:\\my\\курсы\\RollingScopes\\unittest\\Unit-tests\\task\\gettake.js": {"path":"C:\\my\\курсы\\RollingScopes\\unittest\\Unit-tests\\task\\gettake.js","statementMap":{"0":{"start":{"line":1,"column":18},"end":{"line":1,"column":45}},"1":{"start":{"line":4,"column":4},"end":{"line":6,"column":5}},"2":{"start":{"line":5,"column":7},"end":{"line":5,"column":17}},"3":{"start":{"line":7,"column":4},"end":{"line":9,"column":5}},"4":{"start":{"line":8,"column":8},"end":{"line":8,"column":31}},"5":{"start":{"line":10,"column":4},"end":{"line":10,"column":29}},"6":{"start":{"line":12,"column":0},"end":{"line":12,"column":25}}},"fnMap":{"0":{"name":"gettake","decl":{"start":{"line":3,"column":9},"end":{"line":3,"column":16}},"loc":{"start":{"line":3,"column":27},"end":{"line":11,"column":1}},"line":3}},"branchMap":{"0":{"loc":{"start":{"line":4,"column":4},"end":{"line":6,"column":5}},"type":"if","locations":[{"start":{"line":4,"column":4},"end":{"line":6,"column":5}},{"start":{},"end":{}}],"line":4},"1":{"loc":{"start":{"line":7,"column":4},"end":{"line":9,"column":5}},"type":"if","locations":[{"start":{"line":7,"column":4},"end":{"line":9,"column":5}},{"start":{},"end":{}}],"line":7}},"s":{"0":1,"1":4,"2":1,"3":3,"4":1,"5":2,"6":1},"f":{"0":4},"b":{"0":[1,3],"1":[1,2]},"_coverageSchema":"1a1c01bbd47fc00a2c39e90264f33305004495a9","hash":"1e0e188e31ae17bbdc4e5c69c8fbb6a052fd502d"}
,"C:\\my\\курсы\\RollingScopes\\unittest\\Unit-tests\\task\\gettopairs.js": {"path":"C:\\my\\курсы\\RollingScopes\\unittest\\Unit-tests\\task\\gettopairs.js","statementMap":{"0":{"start":{"line":2,"column":1},"end":{"line":2,"column":30}},"1":{"start":{"line":5,"column":0},"end":{"line":5,"column":28}}},"fnMap":{"0":{"name":"getToPairs","decl":{"start":{"line":1,"column":9},"end":{"line":1,"column":19}},"loc":{"start":{"line":1,"column":28},"end":{"line":3,"column":1}},"line":1}},"branchMap":{},"s":{"0":1,"1":1},"f":{"0":1},"b":{},"_coverageSchema":"1a1c01bbd47fc00a2c39e90264f33305004495a9","hash":"618177e26688613f626d78d83cbc893314a26551"}
,"C:\\my\\курсы\\RollingScopes\\unittest\\Unit-tests\\task\\getzip.js": {"path":"C:\\my\\курсы\\RollingScopes\\unittest\\Unit-tests\\task\\getzip.js","statementMap":{"0":{"start":{"line":1,"column":18},"end":{"line":1,"column":45}},"1":{"start":{"line":5,"column":17},"end":{"line":5,"column":19}},"2":{"start":{"line":6,"column":14},"end":{"line":6,"column":28}},"3":{"start":{"line":7,"column":4},"end":{"line":13,"column":5}},"4":{"start":{"line":7,"column":15},"end":{"line":7,"column":16}},"5":{"start":{"line":8,"column":21},"end":{"line":8,"column":23}},"6":{"start":{"line":9,"column":7},"end":{"line":11,"column":8}},"7":{"start":{"line":9,"column":18},"end":{"line":9,"column":19}},"8":{"start":{"line":10,"column":9},"end":{"line":10,"column":36}},"9":{"start":{"line":12,"column":6},"end":{"line":12,"column":29}},"10":{"start":{"line":14,"column":4},"end":{"line":14,"column":18}},"11":{"start":{"line":17,"column":0},"end":{"line":17,"column":24}}},"fnMap":{"0":{"name":"getZip","decl":{"start":{"line":4,"column":9},"end":{"line":4,"column":15}},"loc":{"start":{"line":4,"column":25},"end":{"line":15,"column":1}},"line":4}},"branchMap":{},"s":{"0":1,"1":1,"2":1,"3":1,"4":1,"5":2,"6":2,"7":2,"8":6,"9":2,"10":1,"11":1},"f":{"0":1},"b":{},"_coverageSchema":"1a1c01bbd47fc00a2c39e90264f33305004495a9","hash":"792fc50d0258ec4b337db3a43898b8d09d43ee3f"}
,"C:\\my\\курсы\\RollingScopes\\unittest\\Unit-tests\\task\\servicemethods.js": {"path":"C:\\my\\курсы\\RollingScopes\\unittest\\Unit-tests\\task\\servicemethods.js","statementMap":{"0":{"start":{"line":2,"column":4},"end":{"line":2,"column":27}},"1":{"start":{"line":6,"column":0},"end":{"line":8,"column":1}},"2":{"start":{"line":7,"column":4},"end":{"line":7,"column":20}},"3":{"start":{"line":9,"column":0},"end":{"line":11,"column":1}},"4":{"start":{"line":10,"column":4},"end":{"line":10,"column":29}},"5":{"start":{"line":12,"column":0},"end":{"line":14,"column":1}},"6":{"start":{"line":13,"column":4},"end":{"line":13,"column":15}},"7":{"start":{"line":15,"column":8},"end":{"line":15,"column":10}},"8":{"start":{"line":16,"column":8},"end":{"line":16,"column":9}},"9":{"start":{"line":17,"column":0},"end":{"line":20,"column":1}},"10":{"start":{"line":17,"column":13},"end":{"line":17,"column":17}},"11":{"start":{"line":18,"column":4},"end":{"line":18,"column":18}},"12":{"start":{"line":19,"column":4},"end":{"line":19,"column":7}},"13":{"start":{"line":21,"column":0},"end":{"line":21,"column":9}},"14":{"start":{"line":25,"column":17},"end":{"line":25,"column":19}},"15":{"start":{"line":26,"column":4},"end":{"line":30,"column":5}},"16":{"start":{"line":26,"column":17},"end":{"line":26,"column":18}},"17":{"start":{"line":27,"column":6},"end":{"line":29,"column":7}},"18":{"start":{"line":28,"column":8},"end":{"line":28,"column":39}},"19":{"start":{"line":31,"column":4},"end":{"line":31,"column":18}},"20":{"start":{"line":35,"column":3},"end":{"line":39,"column":4}},"21":{"start":{"line":35,"column":16},"end":{"line":35,"column":17}},"22":{"start":{"line":36,"column":5},"end":{"line":38,"column":6}},"23":{"start":{"line":37,"column":6},"end":{"line":37,"column":20}},"24":{"start":{"line":43,"column":4},"end":{"line":45,"column":5}},"25":{"start":{"line":43,"column":17},"end":{"line":43,"column":18}},"26":{"start":{"line":44,"column":8},"end":{"line":44,"column":33}},"27":{"start":{"line":49,"column":4},"end":{"line":59,"column":5}},"28":{"start":{"line":50,"column":8},"end":{"line":52,"column":9}},"29":{"start":{"line":51,"column":12},"end":{"line":51,"column":22}},"30":{"start":{"line":53,"column":8},"end":{"line":57,"column":9}},"31":{"start":{"line":53,"column":21},"end":{"line":53,"column":26}},"32":{"start":{"line":54,"column":12},"end":{"line":56,"column":13}},"33":{"start":{"line":55,"column":16},"end":{"line":55,"column":28}},"34":{"start":{"line":58,"column":8},"end":{"line":58,"column":21}},"35":{"start":{"line":60,"column":4},"end":{"line":62,"column":5}},"36":{"start":{"line":61,"column":8},"end":{"line":61,"column":44}},"37":{"start":{"line":65,"column":0},"end":{"line":65,"column":71}}},"fnMap":{"0":{"name":"mPush","decl":{"start":{"line":1,"column":9},"end":{"line":1,"column":14}},"loc":{"start":{"line":1,"column":25},"end":{"line":3,"column":3}},"line":1},"1":{"name":"mSlice","decl":{"start":{"line":5,"column":9},"end":{"line":5,"column":15}},"loc":{"start":{"line":5,"column":31},"end":{"line":22,"column":1}},"line":5},"2":{"name":"mFilter","decl":{"start":{"line":24,"column":9},"end":{"line":24,"column":16}},"loc":{"start":{"line":24,"column":32},"end":{"line":32,"column":1}},"line":24},"3":{"name":"mFind","decl":{"start":{"line":34,"column":9},"end":{"line":34,"column":14}},"loc":{"start":{"line":34,"column":30},"end":{"line":40,"column":1}},"line":34},"4":{"name":"mForEach","decl":{"start":{"line":42,"column":9},"end":{"line":42,"column":17}},"loc":{"start":{"line":42,"column":33},"end":{"line":46,"column":1}},"line":42},"5":{"name":"mIncludes","decl":{"start":{"line":48,"column":9},"end":{"line":48,"column":18}},"loc":{"start":{"line":48,"column":41},"end":{"line":63,"column":1}},"line":48}},"branchMap":{"0":{"loc":{"start":{"line":6,"column":0},"end":{"line":8,"column":1}},"type":"if","locations":[{"start":{"line":6,"column":0},"end":{"line":8,"column":1}},{"start":{},"end":{}}],"line":6},"1":{"loc":{"start":{"line":6,"column":4},"end":{"line":6,"column":26}},"type":"binary-expr","locations":[{"start":{"line":6,"column":4},"end":{"line":6,"column":19}},{"start":{"line":6,"column":23},"end":{"line":6,"column":26}}],"line":6},"2":{"loc":{"start":{"line":9,"column":0},"end":{"line":11,"column":1}},"type":"if","locations":[{"start":{"line":9,"column":0},"end":{"line":11,"column":1}},{"start":{},"end":{}}],"line":9},"3":{"loc":{"start":{"line":9,"column":4},"end":{"line":9,"column":35}},"type":"binary-expr","locations":[{"start":{"line":9,"column":4},"end":{"line":9,"column":12}},{"start":{"line":9,"column":16},"end":{"line":9,"column":35}}],"line":9},"4":{"loc":{"start":{"line":12,"column":0},"end":{"line":14,"column":1}},"type":"if","locations":[{"start":{"line":12,"column":0},"end":{"line":14,"column":1}},{"start":{},"end":{}}],"line":12},"5":{"loc":{"start":{"line":27,"column":6},"end":{"line":29,"column":7}},"type":"if","locations":[{"start":{"line":27,"column":6},"end":{"line":29,"column":7}},{"start":{},"end":{}}],"line":27},"6":{"loc":{"start":{"line":36,"column":5},"end":{"line":38,"column":6}},"type":"if","locations":[{"start":{"line":36,"column":5},"end":{"line":38,"column":6}},{"start":{},"end":{}}],"line":36},"7":{"loc":{"start":{"line":49,"column":4},"end":{"line":59,"column":5}},"type":"if","locations":[{"start":{"line":49,"column":4},"end":{"line":59,"column":5}},{"start":{},"end":{}}],"line":49},"8":{"loc":{"start":{"line":50,"column":8},"end":{"line":52,"column":9}},"type":"if","locations":[{"start":{"line":50,"column":8},"end":{"line":52,"column":9}},{"start":{},"end":{}}],"line":50},"9":{"loc":{"start":{"line":54,"column":12},"end":{"line":56,"column":13}},"type":"if","locations":[{"start":{"line":54,"column":12},"end":{"line":56,"column":13}},{"start":{},"end":{}}],"line":54},"10":{"loc":{"start":{"line":60,"column":4},"end":{"line":62,"column":5}},"type":"if","locations":[{"start":{"line":60,"column":4},"end":{"line":62,"column":5}},{"start":{},"end":{}}],"line":60}},"s":{"0":34,"1":15,"2":7,"3":15,"4":2,"5":15,"6":1,"7":14,"8":14,"9":14,"10":14,"11":19,"12":19,"13":14,"14":4,"15":4,"16":4,"17":14,"18":7,"19":4,"20":4,"21":4,"22":7,"23":4,"24":4,"25":4,"26":9,"27":17,"28":11,"29":10,"30":11,"31":11,"32":17,"33":7,"34":4,"35":6,"36":6,"37":13},"f":{"0":34,"1":15,"2":4,"3":4,"4":4,"5":17},"b":{"0":[7,8],"1":[15,14],"2":[2,13],"3":[15,3],"4":[1,14],"5":[7,7],"6":[4,3],"7":[11,6],"8":[10,1],"9":[7,10],"10":[6,0]},"_coverageSchema":"1a1c01bbd47fc00a2c39e90264f33305004495a9","hash":"4a78c719fc7355fa7bed263e571ff0b3c668b522"}
}
