TN:
SF:task\getchunk.js
FN:4,getchunk
FNF:1
FNH:1
FNDA:4,getchunk
DA:2,1
DA:5,4
DA:6,4
DA:7,9
DA:9,4
DA:12,1
LF:6
LH:6
BRDA:4,0,0,2
BRF:1
BRH:1
end_of_record
TN:
SF:task\getcompact.js
FN:3,getcompact
FN:4,(anonymous_1)
FNF:2
FNH:2
FNDA:1,getcompact
FNDA:6,(anonymous_1)
DA:1,1
DA:4,6
DA:7,1
LF:3
LH:3
BRDA:4,0,0,6
BRDA:4,0,1,4
BRF:2
BRH:2
end_of_record
TN:
SF:task\getdrop.js
FN:4,getdrop
FNF:1
FNH:1
FNDA:4,getdrop
DA:1,1
DA:5,4
DA:6,1
DA:8,3
DA:9,1
DA:11,2
DA:14,1
LF:7
LH:7
BRDA:5,0,0,1
BRDA:5,0,1,3
BRDA:8,1,0,1
BRDA:8,1,1,2
BRF:4
BRH:4
end_of_record
TN:
SF:task\getdropwhile.js
FN:4,getDropWhile
FN:7,(anonymous_1)
FN:11,(anonymous_2)
FN:21,(anonymous_3)
FN:25,(anonymous_4)
FNF:5
FNH:5
FNDA:4,getDropWhile
FNDA:3,(anonymous_1)
FNDA:3,(anonymous_2)
FNDA:3,(anonymous_3)
FNDA:3,(anonymous_4)
DA:1,1
DA:5,4
DA:6,1
DA:7,3
DA:9,3
DA:10,1
DA:11,1
DA:12,3
DA:13,6
DA:14,1
DA:18,1
DA:20,2
DA:21,3
DA:23,1
DA:24,1
DA:25,1
DA:26,3
DA:27,6
DA:28,3
DA:32,1
DA:36,1
LF:21
LH:21
BRDA:5,0,0,1
BRDA:5,0,1,3
BRDA:9,1,0,1
BRDA:9,1,1,2
BRDA:13,2,0,1
BRDA:13,2,1,5
BRDA:13,3,0,6
BRDA:13,3,1,3
BRDA:20,4,0,1
BRDA:20,4,1,1
BRDA:23,5,0,1
BRDA:23,5,1,0
BRDA:27,6,0,3
BRDA:27,6,1,3
BRF:14
BRH:13
end_of_record
TN:
SF:task\getfilter.js
FN:4,getFilter
FN:10,(anonymous_1)
FN:21,(anonymous_2)
FN:30,(anonymous_3)
FNF:4
FNH:4
FNDA:4,getFilter
FNDA:2,(anonymous_1)
FNDA:2,(anonymous_2)
FNDA:2,(anonymous_3)
DA:1,1
DA:5,4
DA:6,1
DA:8,3
DA:9,1
DA:10,1
DA:11,2
DA:12,6
DA:13,1
DA:17,1
DA:19,2
DA:20,1
DA:21,1
DA:22,2
DA:23,1
DA:26,1
DA:28,1
DA:29,1
DA:30,1
DA:31,2
DA:32,1
DA:35,1
DA:40,1
LF:23
LH:23
BRDA:5,0,0,1
BRDA:5,0,1,3
BRDA:8,1,0,1
BRDA:8,1,1,2
BRDA:12,2,0,1
BRDA:12,2,1,5
BRDA:12,3,0,6
BRDA:12,3,1,2
BRDA:19,4,0,1
BRDA:19,4,1,1
BRDA:22,5,0,1
BRDA:22,5,1,1
BRDA:22,6,0,2
BRDA:22,6,1,1
BRDA:28,7,0,1
BRDA:28,7,1,0
BRDA:31,8,0,1
BRDA:31,8,1,1
BRF:18
BRH:17
end_of_record
TN:
SF:task\getfind.js
FN:4,getFind
FN:9,(anonymous_1)
FN:13,(anonymous_2)
FN:16,(anonymous_3)
FNF:4
FNH:4
FNDA:4,getFind
FNDA:2,(anonymous_1)
FNDA:3,(anonymous_2)
FNDA:1,(anonymous_3)
DA:1,1
DA:5,4
DA:6,1
DA:8,3
DA:9,2
DA:11,2
DA:12,1
DA:13,3
DA:15,1
DA:16,1
DA:20,1
LF:11
LH:11
BRDA:5,0,0,1
BRDA:5,0,1,3
BRDA:8,1,0,1
BRDA:8,1,1,2
BRDA:11,2,0,1
BRDA:11,2,1,1
BRDA:13,3,0,3
BRDA:13,3,1,1
BRDA:15,4,0,1
BRDA:15,4,1,0
BRF:10
BRH:9
end_of_record
TN:
SF:task\getincludes.js
FN:3,getIncludes
FNF:1
FNH:1
FNDA:4,getIncludes
DA:1,1
DA:4,4
DA:5,2
DA:7,2
DA:8,1
DA:9,1
DA:13,1
DA:14,1
DA:18,1
LF:9
LH:9
BRDA:4,0,0,2
BRDA:4,0,1,2
BRDA:7,1,0,1
BRDA:7,1,1,1
BRDA:13,2,0,1
BRDA:13,2,1,0
BRF:6
BRH:5
end_of_record
TN:
SF:task\getmap.js
FN:3,getMap
FNF:1
FNH:1
FNDA:3,getMap
DA:1,1
DA:4,3
DA:5,3
DA:6,1
DA:7,2
DA:8,2
DA:9,2
DA:14,3
DA:15,1
DA:16,1
DA:17,2
DA:20,3
DA:21,2
DA:22,2
DA:23,4
DA:26,3
DA:29,1
LF:17
LH:17
BRDA:5,0,0,1
BRDA:5,0,1,2
BRDA:8,1,0,2
BRDA:8,1,1,0
BRDA:14,2,0,1
BRDA:14,2,1,2
BRDA:14,3,0,3
BRDA:14,3,1,2
BRDA:20,4,0,2
BRDA:20,4,1,1
BRDA:20,5,0,3
BRDA:20,5,1,3
BRF:12
BRH:11
end_of_record
TN:
SF:task\getmerge.js
FN:3,getMerge
FNF:1
FNH:1
FNDA:2,getMerge
DA:1,1
DA:4,2
DA:5,2
DA:6,2
DA:7,2
DA:8,2
DA:9,5
DA:10,5
DA:11,5
DA:13,2
DA:14,2
DA:18,1
LF:12
LH:12
BRDA:7,0,0,1
BRDA:7,0,1,1
BRF:2
BRH:2
end_of_record
TN:
SF:task\getomit.js
FN:3,getOmit
FNF:1
FNH:1
FNDA:2,getOmit
DA:1,1
DA:4,2
DA:5,2
DA:6,6
DA:7,3
DA:10,2
DA:13,1
LF:7
LH:7
BRDA:6,0,0,3
BRDA:6,0,1,3
BRF:2
BRH:2
end_of_record
TN:
SF:task\getomitby.js
FN:1,getOmitBy
FNF:1
FNH:1
FNDA:1,getOmitBy
DA:2,1
DA:3,1
DA:4,3
DA:5,1
DA:8,1
DA:11,1
LF:6
LH:6
BRDA:4,0,0,1
BRDA:4,0,1,2
BRF:2
BRH:2
end_of_record
TN:
SF:task\getpick.js
FN:4,getPick
FNF:1
FNH:1
FNDA:2,getPick
DA:1,1
DA:5,2
DA:6,2
DA:7,6
DA:8,3
DA:11,2
DA:14,1
LF:7
LH:7
BRDA:7,0,0,3
BRDA:7,0,1,3
BRF:2
BRH:2
end_of_record
TN:
SF:task\getpickby.js
FN:1,getPickBy
FNF:1
FNH:1
FNDA:1,getPickBy
DA:2,1
DA:3,1
DA:4,3
DA:5,2
DA:8,1
DA:11,1
LF:6
LH:6
BRDA:4,0,0,2
BRDA:4,0,1,1
BRF:2
BRH:2
end_of_record
TN:
SF:task\gettake.js
FN:3,gettake
FNF:1
FNH:1
FNDA:4,gettake
DA:1,1
DA:4,4
DA:5,1
DA:7,3
DA:8,1
DA:10,2
DA:12,1
LF:7
LH:7
BRDA:4,0,0,1
BRDA:4,0,1,3
BRDA:7,1,0,1
BRDA:7,1,1,2
BRF:4
BRH:4
end_of_record
TN:
SF:task\gettopairs.js
FN:1,getToPairs
FNF:1
FNH:1
FNDA:1,getToPairs
DA:2,1
DA:5,1
LF:2
LH:2
BRF:0
BRH:0
end_of_record
TN:
SF:task\getzip.js
FN:4,getZip
FNF:1
FNH:1
FNDA:1,getZip
DA:1,1
DA:5,1
DA:6,1
DA:7,1
DA:8,2
DA:9,2
DA:10,6
DA:12,2
DA:14,1
DA:17,1
LF:10
LH:10
BRF:0
BRH:0
end_of_record
TN:
SF:task\servicemethods.js
FN:1,mPush
FN:5,mSlice
FN:24,mFilter
FN:34,mFind
FN:42,mForEach
FN:48,mIncludes
FNF:6
FNH:6
FNDA:34,mPush
FNDA:15,mSlice
FNDA:4,mFilter
FNDA:4,mFind
FNDA:4,mForEach
FNDA:17,mIncludes
DA:2,34
DA:6,15
DA:7,7
DA:9,15
DA:10,2
DA:12,15
DA:13,1
DA:15,14
DA:16,14
DA:17,14
DA:18,19
DA:19,19
DA:21,14
DA:25,4
DA:26,4
DA:27,14
DA:28,7
DA:31,4
DA:35,4
DA:36,7
DA:37,4
DA:43,4
DA:44,9
DA:49,17
DA:50,23
DA:51,9
DA:54,8
DA:57,13
LF:28
LH:28
BRDA:6,0,0,7
BRDA:6,0,1,8
BRDA:6,1,0,15
BRDA:6,1,1,14
BRDA:9,2,0,2
BRDA:9,2,1,13
BRDA:9,3,0,15
BRDA:9,3,1,3
BRDA:12,4,0,1
BRDA:12,4,1,14
BRDA:27,5,0,7
BRDA:27,5,1,7
BRDA:36,6,0,4
BRDA:36,6,1,3
BRDA:48,7,0,16
BRDA:50,8,0,9
BRDA:50,8,1,14
BRF:17
BRH:17
end_of_record
